This is pdfTeX, Version 3.14159265-2.6-1.40.18 (TeX Live 2017/Debian) (preloaded format=pdflatex 2019.11.7)  16 NOV 2019 16:32
entering extended mode
 restricted \write18 enabled.
 %&-line parsing enabled.
**template_Article.tex
(./template_Article.tex
LaTeX2e <2017-04-15>
Babel <3.18> and hyphenation patterns for 84 language(s) loaded.
(/usr/share/texlive/texmf-dist/tex/latex/base/article.cls
Document Class: article 2014/09/29 v1.4h Standard LaTeX document class
(/usr/share/texlive/texmf-dist/tex/latex/base/size10.clo
File: size10.clo 2014/09/29 v1.4h Standard LaTeX file (size option)
)
\c@part=\count79
\c@section=\count80
\c@subsection=\count81
\c@subsubsection=\count82
\c@paragraph=\count83
\c@subparagraph=\count84
\c@figure=\count85
\c@table=\count86
\abovecaptionskip=\skip41
\belowcaptionskip=\skip42
\bibindent=\dimen102
)
(/usr/share/texlive/texmf-dist/tex/latex/graphics/graphicx.sty
Package: graphicx 2017/06/01 v1.1a Enhanced LaTeX Graphics (DPC,SPQR)

(/usr/share/texlive/texmf-dist/tex/latex/graphics/keyval.sty
Package: keyval 2014/10/28 v1.15 key=value parser (DPC)
\KV@toks@=\toks14
)
(/usr/share/texlive/texmf-dist/tex/latex/graphics/graphics.sty
Package: graphics 2017/06/25 v1.2c Standard LaTeX Graphics (DPC,SPQR)

(/usr/share/texlive/texmf-dist/tex/latex/graphics/trig.sty
Package: trig 2016/01/03 v1.10 sin cos tan (DPC)
)
(/usr/share/texlive/texmf-dist/tex/latex/graphics-cfg/graphics.cfg
File: graphics.cfg 2016/06/04 v1.11 sample graphics configuration
)
Package graphics Info: Driver file: pdftex.def on input line 99.

(/usr/share/texlive/texmf-dist/tex/latex/graphics-def/pdftex.def
File: pdftex.def 2018/01/08 v1.0l Graphics/color driver for pdftex
))
\Gin@req@height=\dimen103
\Gin@req@width=\dimen104
)
(/usr/share/texlive/texmf-dist/tex/latex/float/float.sty
Package: float 2001/11/08 v1.3d Float enhancements (AL)
\c@float@type=\count87
\float@exts=\toks15
\float@box=\box26
\@float@everytoks=\toks16
\@floatcapt=\box27
)
(/usr/share/texlive/texmf-dist/tex/latex/geometry/geometry.sty
Package: geometry 2010/09/12 v5.6 Page Geometry

(/usr/share/texlive/texmf-dist/tex/generic/oberdiek/ifpdf.sty
Package: ifpdf 2017/03/15 v3.2 Provides the ifpdf switch
)
(/usr/share/texlive/texmf-dist/tex/generic/oberdiek/ifvtex.sty
Package: ifvtex 2016/05/16 v1.6 Detect VTeX and its facilities (HO)
Package ifvtex Info: VTeX not detected.
)
(/usr/share/texlive/texmf-dist/tex/generic/ifxetex/ifxetex.sty
Package: ifxetex 2010/09/12 v0.6 Provides ifxetex conditional
)
\Gm@cnth=\count88
\Gm@cntv=\count89
\c@Gm@tempcnt=\count90
\Gm@bindingoffset=\dimen105
\Gm@wd@mp=\dimen106
\Gm@odd@mp=\dimen107
\Gm@even@mp=\dimen108
\Gm@layoutwidth=\dimen109
\Gm@layoutheight=\dimen110
\Gm@layouthoffset=\dimen111
\Gm@layoutvoffset=\dimen112
\Gm@dimlist=\toks17
)
(/usr/share/texlive/texmf-dist/tex/latex/colortbl/colortbl.sty
Package: colortbl 2012/02/13 v1.0a Color table columns (DPC)

(/usr/share/texlive/texmf-dist/tex/latex/tools/array.sty
Package: array 2016/10/06 v2.4d Tabular extension package (FMi)
\col@sep=\dimen113
\extrarowheight=\dimen114
\NC@list=\toks18
\extratabsurround=\skip43
\backup@length=\skip44
)
(/usr/share/texlive/texmf-dist/tex/latex/graphics/color.sty
Package: color 2016/07/10 v1.1e Standard LaTeX Color (DPC)

(/usr/share/texlive/texmf-dist/tex/latex/graphics-cfg/color.cfg
File: color.cfg 2016/01/02 v1.6 sample color configuration
)
Package color Info: Driver file: pdftex.def on input line 147.
)
\everycr=\toks19
\minrowclearance=\skip45
)
(/usr/share/texlive/texmf-dist/tex/latex/booktabs/booktabs.sty
Package: booktabs 2016/04/27 v1.618033 publication quality tables
\heavyrulewidth=\dimen115
\lightrulewidth=\dimen116
\cmidrulewidth=\dimen117
\belowrulesep=\dimen118
\belowbottomsep=\dimen119
\aboverulesep=\dimen120
\abovetopsep=\dimen121
\cmidrulesep=\dimen122
\cmidrulekern=\dimen123
\defaultaddspace=\dimen124
\@cmidla=\count91
\@cmidlb=\count92
\@aboverulesep=\dimen125
\@belowrulesep=\dimen126
\@thisruleclass=\count93
\@lastruleclass=\count94
\@thisrulewidth=\dimen127
)
(./template_Article.aux)
\openout1 = `template_Article.aux'.

LaTeX Font Info:    Checking defaults for OML/cmm/m/it on input line 27.
LaTeX Font Info:    ... okay on input line 27.
LaTeX Font Info:    Checking defaults for T1/cmr/m/n on input line 27.
LaTeX Font Info:    ... okay on input line 27.
LaTeX Font Info:    Checking defaults for OT1/cmr/m/n on input line 27.
LaTeX Font Info:    ... okay on input line 27.
LaTeX Font Info:    Checking defaults for OMS/cmsy/m/n on input line 27.
LaTeX Font Info:    ... okay on input line 27.
LaTeX Font Info:    Checking defaults for OMX/cmex/m/n on input line 27.
LaTeX Font Info:    ... okay on input line 27.
LaTeX Font Info:    Checking defaults for U/cmr/m/n on input line 27.
LaTeX Font Info:    ... okay on input line 27.

(/usr/share/texlive/texmf-dist/tex/context/base/mkii/supp-pdf.mkii
[Loading MPS to PDF converter (version 2006.09.02).]
\scratchcounter=\count95
\scratchdimen=\dimen128
\scratchbox=\box28
\nofMPsegments=\count96
\nofMParguments=\count97
\everyMPshowfont=\toks20
\MPscratchCnt=\count98
\MPscratchDim=\dimen129
\MPnumerator=\count99
\makeMPintoPDFobject=\count100
\everyMPtoPDFconversion=\toks21
) (/usr/share/texlive/texmf-dist/tex/latex/oberdiek/epstopdf-base.sty
Package: epstopdf-base 2016/05/15 v2.6 Base part for package epstopdf

(/usr/share/texlive/texmf-dist/tex/generic/oberdiek/infwarerr.sty
Package: infwarerr 2016/05/16 v1.4 Providing info/warning/error messages (HO)
)
(/usr/share/texlive/texmf-dist/tex/latex/oberdiek/grfext.sty
Package: grfext 2016/05/16 v1.2 Manage graphics extensions (HO)

(/usr/share/texlive/texmf-dist/tex/generic/oberdiek/kvdefinekeys.sty
Package: kvdefinekeys 2016/05/16 v1.4 Define keys (HO)

(/usr/share/texlive/texmf-dist/tex/generic/oberdiek/ltxcmds.sty
Package: ltxcmds 2016/05/16 v1.23 LaTeX kernel commands for general use (HO)
)))
(/usr/share/texlive/texmf-dist/tex/latex/oberdiek/kvoptions.sty
Package: kvoptions 2016/05/16 v3.12 Key value format for package options (HO)

(/usr/share/texlive/texmf-dist/tex/generic/oberdiek/kvsetkeys.sty
Package: kvsetkeys 2016/05/16 v1.17 Key value parser (HO)

(/usr/share/texlive/texmf-dist/tex/generic/oberdiek/etexcmds.sty
Package: etexcmds 2016/05/16 v1.6 Avoid name clashes with e-TeX commands (HO)

(/usr/share/texlive/texmf-dist/tex/generic/oberdiek/ifluatex.sty
Package: ifluatex 2016/05/16 v1.4 Provides the ifluatex switch (HO)
Package ifluatex Info: LuaTeX not detected.
)
Package etexcmds Info: Could not find \expanded.
(etexcmds)             That can mean that you are not using pdfTeX 1.50 or
(etexcmds)             that some package has redefined \expanded.
(etexcmds)             In the latter case, load this package earlier.
)))
(/usr/share/texlive/texmf-dist/tex/generic/oberdiek/pdftexcmds.sty
Package: pdftexcmds 2018/01/21 v0.26 Utility functions of pdfTeX for LuaTeX (HO
)
Package pdftexcmds Info: LuaTeX not detected.
Package pdftexcmds Info: \pdf@primitive is available.
Package pdftexcmds Info: \pdf@ifprimitive is available.
Package pdftexcmds Info: \pdfdraftmode found.
)
Package epstopdf-base Info: Redefining graphics rule for `.eps' on input line 4
38.
Package grfext Info: Graphics extension search list:
(grfext)             [.pdf,.png,.jpg,.mps,.jpeg,.jbig2,.jb2,.PDF,.PNG,.JPG,.JPE
G,.JBIG2,.JB2,.eps]
(grfext)             \AppendGraphicsExtensions on input line 456.

(/usr/share/texlive/texmf-dist/tex/latex/latexconfig/epstopdf-sys.cfg
File: epstopdf-sys.cfg 2010/07/13 v1.3 Configuration of (r)epstopdf for TeX Liv
e
))
*geometry* driver: auto-detecting
*geometry* detected driver: pdftex
*geometry* verbose mode - [ preamble ] result:
* driver: pdftex
* paper: <default>
* layout: <same size as paper>
* layoutoffset:(h,v)=(0.0pt,0.0pt)
* modes: 
* h-part:(L,W,R)=(39.83368pt, 534.62764pt, 39.83368pt)
* v-part:(T,H,B)=(54.06006pt, 686.84987pt, 54.06006pt)
* \paperwidth=614.295pt
* \paperheight=794.96999pt
* \textwidth=534.62764pt
* \textheight=686.84987pt
* \oddsidemargin=-32.43631pt
* \evensidemargin=-32.43631pt
* \topmargin=-55.20993pt
* \headheight=12.0pt
* \headsep=25.0pt
* \topskip=10.0pt
* \footskip=30.0pt
* \marginparwidth=65.0pt
* \marginparsep=11.0pt
* \columnsep=10.0pt
* \skip\footins=9.0pt plus 4.0pt minus 2.0pt
* \hoffset=0.0pt
* \voffset=0.0pt
* \mag=1000
* \@twocolumnfalse
* \@twosidefalse
* \@mparswitchfalse
* \@reversemarginfalse
* (1in=72.27pt=25.4mm, 1cm=28.453pt)

LaTeX Font Info:    External font `cmex10' loaded for size
(Font)              <12> on input line 29.
LaTeX Font Info:    External font `cmex10' loaded for size
(Font)              <8> on input line 29.
LaTeX Font Info:    External font `cmex10' loaded for size
(Font)              <6> on input line 29.
<figures/covheatmap.pdf, id=1, 888.1983pt x 681.50612pt>
File: figures/covheatmap.pdf Graphic file (type pdf)
<use figures/covheatmap.pdf>
Package pdftex.def Info: figures/covheatmap.pdf  used on input line 39.
(pdftex.def)             Requested size: 427.70374pt x 328.16951pt.
<figures/cov_FFVC_specific.pdf, id=2, 698.12822pt x 683.6742pt>
File: figures/cov_FFVC_specific.pdf Graphic file (type pdf)
<use figures/cov_FFVC_specific.pdf>
Package pdftex.def Info: figures/cov_FFVC_specific.pdf  used on input line 46.
(pdftex.def)             Requested size: 427.70374pt x 418.84538pt.
[1

{/var/lib/texmf/fonts/map/pdftex/updmap/pdftex.map} <./figures/covheatmap.pdf>]
<figures/coefs_std_pvals.pdf, id=62, 883.86209pt x 666.32942pt>
File: figures/coefs_std_pvals.pdf Graphic file (type pdf)
<use figures/coefs_std_pvals.pdf>
Package pdftex.def Info: figures/coefs_std_pvals.pdf  used on input line 67.
(pdftex.def)             Requested size: 427.70374pt x 322.43733pt.
 [2 <./figures/cov_FFVC_specific.pdf>]
LaTeX Font Info:    External font `cmex10' loaded for size
(Font)              <7> on input line 71.
LaTeX Font Info:    External font `cmex10' loaded for size
(Font)              <5> on input line 71.

Underfull \hbox (badness 10000) in paragraph at lines 71--73

 []

<figures/BS_005.pdf, id=119, 652.59807pt x 518.89862pt>
File: figures/BS_005.pdf Graphic file (type pdf)
<use figures/BS_005.pdf>
Package pdftex.def Info: figures/BS_005.pdf  used on input line 80.
(pdftex.def)             Requested size: 296.71849pt x 235.92505pt.

Overfull \hbox (29.40468pt too wide) in paragraph at lines 80--82
 [][] 
 []

<figures/BS_01.pdf, id=120, 812.31483pt x 660.54782pt>
File: figures/BS_01.pdf Graphic file (type pdf)
<use figures/BS_01.pdf>
Package pdftex.def Info: figures/BS_01.pdf  used on input line 85.
(pdftex.def)             Requested size: 296.71849pt x 241.27434pt.

Overfull \hbox (29.40468pt too wide) in paragraph at lines 85--87
 [][] 
 []

<figures/FS_005.pdf, id=121, 743.65831pt x 586.83241pt>
File: figures/FS_005.pdf Graphic file (type pdf)
<use figures/FS_005.pdf>
Package pdftex.def Info: figures/FS_005.pdf  used on input line 90.
(pdftex.def)             Requested size: 296.71849pt x 234.13782pt.

Overfull \hbox (29.40468pt too wide) in paragraph at lines 90--92
 [][] 
 []

<figures/FS_01.pdf, id=122, 830.38232pt x 639.58951pt>
File: figures/FS_01.pdf Graphic file (type pdf)
<use figures/FS_01.pdf>
Package pdftex.def Info: figures/FS_01.pdf  used on input line 95.
(pdftex.def)             Requested size: 296.71849pt x 228.54416pt.

Overfull \hbox (29.40468pt too wide) in paragraph at lines 95--97
 [][] 
 []


Underfull \hbox (badness 10000) in paragraph at lines 78--98
[]$[]$$[]$
 []

[3 <./figures/coefs_std_pvals.pdf>]
Underfull \hbox (badness 10000) in paragraph at lines 99--102

 []


Underfull \hbox (badness 10000) in paragraph at lines 99--102

 []

[4 <./figures/BS_005.pdf> <./figures/BS_01.pdf

pdfTeX warning: /usr/bin/pdflatex (file ./figures/BS_01.pdf): PDF inclusion: mu
ltiple pdfs with page group included in a single page
> <./figures/FS_005.pdf

pdfTeX warning: /usr/bin/pdflatex (file ./figures/FS_005.pdf): PDF inclusion: m
ultiple pdfs with page group included in a single page
> <./figures/FS_01.pdf

pdfTeX warning: /usr/bin/pdflatex (file ./figures/FS_01.pdf): PDF inclusion: mu
ltiple pdfs with page group included in a single page
>]
<figures/Bootstrap_E1.pdf, id=398, 462.52798pt x 346.89601pt>
File: figures/Bootstrap_E1.pdf Graphic file (type pdf)
<use figures/Bootstrap_E1.pdf>
Package pdftex.def Info: figures/Bootstrap_E1.pdf  used on input line 108.
(pdftex.def)             Requested size: 427.70374pt x 320.79437pt.
<figures/GAM1_E1.pdf, id=399, 462.52798pt x 346.89601pt>
File: figures/GAM1_E1.pdf Graphic file (type pdf)
<use figures/GAM1_E1.pdf>
Package pdftex.def Info: figures/GAM1_E1.pdf  used on input line 135.
(pdftex.def)             Requested size: 427.70374pt x 320.79437pt.
 [5 <./figures/Bootstrap_E1.pdf>]
<figures/GAM2_E1.pdf, id=458, 462.52798pt x 346.89601pt>
File: figures/GAM2_E1.pdf Graphic file (type pdf)
<use figures/GAM2_E1.pdf>
Package pdftex.def Info: figures/GAM2_E1.pdf  used on input line 142.
(pdftex.def)             Requested size: 427.70374pt x 320.79437pt.
 [6 <./figures/GAM1_E1.pdf>]
Underfull \hbox (badness 10000) in paragraph at lines 146--147

 []


Underfull \hbox (badness 10000) in paragraph at lines 148--149

 []

<figures/kNN_E2P1.pdf, id=502, 462.52798pt x 346.89601pt>
File: figures/kNN_E2P1.pdf Graphic file (type pdf)
<use figures/kNN_E2P1.pdf>
Package pdftex.def Info: figures/kNN_E2P1.pdf  used on input line 163.
(pdftex.def)             Requested size: 427.70374pt x 320.79437pt.
[7 <./figures/GAM2_E1.pdf>]
<figures/E1P2_kNN.pdf, id=547, 462.52798pt x 346.89601pt>
File: figures/E1P2_kNN.pdf Graphic file (type pdf)
<use figures/E1P2_kNN.pdf>
Package pdftex.def Info: figures/E1P2_kNN.pdf  used on input line 170.
(pdftex.def)             Requested size: 427.70374pt x 320.79437pt.
 [8 <./figures/kNN_E2P1.pdf>]
<figures/GAM_RESULTS.pdf, id=594, 462.52798pt x 346.89601pt>
File: figures/GAM_RESULTS.pdf Graphic file (type pdf)
<use figures/GAM_RESULTS.pdf>
Package pdftex.def Info: figures/GAM_RESULTS.pdf  used on input line 179.
(pdftex.def)             Requested size: 427.70374pt x 320.79437pt.
 [9 <./figures/E1P2_kNN.pdf>]
<figures/LASTONE.pdf, id=637, 462.52798pt x 346.89601pt>
File: figures/LASTONE.pdf Graphic file (type pdf)
<use figures/LASTONE.pdf>
Package pdftex.def Info: figures/LASTONE.pdf  used on input line 205.
(pdftex.def)             Requested size: 427.70374pt x 320.79437pt.
<figures/LASTTWO.pdf, id=638, 462.52798pt x 346.89601pt>
File: figures/LASTTWO.pdf Graphic file (type pdf)
<use figures/LASTTWO.pdf>
Package pdftex.def Info: figures/LASTTWO.pdf  used on input line 210.
(pdftex.def)             Requested size: 427.70374pt x 320.79437pt.
 [10 <./figures/GAM_RESULTS.pdf>]
<figures/LASTTHREE.pdf, id=691, 462.52798pt x 346.89601pt>
File: figures/LASTTHREE.pdf Graphic file (type pdf)
<use figures/LASTTHREE.pdf>
Package pdftex.def Info: figures/LASTTHREE.pdf  used on input line 215.
(pdftex.def)             Requested size: 427.70374pt x 320.79437pt.
 [11 <./figures/LASTONE.pdf> <./figures/LASTTWO.pdf

pdfTeX warning: /usr/bin/pdflatex (file ./figures/LASTTWO.pdf): PDF inclusion: 
multiple pdfs with page group included in a single page
>]
Overfull \hbox (95.40147pt too wide) in paragraph at lines 243--244
\OT1/cmr/m/n/10 McLeod, S. A. (2019, May 20). What a p-value Tells You About St
a-tis-ti-cal sig-nif-i-cance. Sim-ply Psy-chol-ogy. https://www.simplypsycholog
y.org/p-
 []

[12 <./figures/LASTTHREE.pdf>] (./template_Article.aux) ) 
Here is how much of TeX's memory you used:
 2276 strings out of 492982
 33604 string characters out of 6134896
 97203 words of memory out of 5000000
 5805 multiletter control sequences out of 15000+600000
 7587 words of font info for 27 fonts, out of 8000000 for 9000
 1141 hyphenation exceptions out of 8191
 41i,10n,25p,774b,272s stack positions out of 5000i,500n,10000p,200000b,80000s
</usr/share/texlive/te
xmf-dist/fonts/type1/public/amsfonts/cm/cmbx12.pfb></usr/share/texlive/texmf-di
st/fonts/type1/public/amsfonts/cm/cmmi10.pfb></usr/share/texlive/texmf-dist/fon
ts/type1/public/amsfonts/cm/cmr10.pfb></usr/share/texlive/texmf-dist/fonts/type
1/public/amsfonts/cm/cmr12.pfb></usr/share/texlive/texmf-dist/fonts/type1/publi
c/amsfonts/cm/cmr17.pfb></usr/share/texlive/texmf-dist/fonts/type1/public/amsfo
nts/cm/cmr7.pfb></usr/share/texlive/texmf-dist/fonts/type1/public/amsfonts/cm/c
msy10.pfb>
Output written on template_Article.pdf (12 pages, 318037 bytes).
PDF statistics:
 853 PDF objects out of 1000 (max. 8388607)
 146 compressed objects within 2 object streams
 0 named destinations out of 1000 (max. 500000)
 81 words of extra memory for PDF output out of 10000 (max. 10000000)

